<?xml version="1.0" encoding="utf-8"?><testsuites name="pytest tests"><testsuite name="pytest" errors="0" failures="0" skipped="0" tests="2" time="2.671" timestamp="2026-06-19T03:44:04.508003+00:00" hostname="agent-env-93727221-5c37-4d66-aca0-e52ae3d42a23"><testcase classname="wc2026tracker.backend.tests.test_home_matchcard_topscorers_regression" name="test_top_scorers_contract_non_empty" time="1.171" /><testcase classname="wc2026tracker.backend.tests.test_home_matchcard_topscorers_regression" name="test_all_matches_contract_has_match_identity_fields" time="1.242" /></testsuite></testsuites>