<?xml version="1.0" encoding="utf-8"?><testsuites name="pytest tests"><testsuite name="pytest" errors="0" failures="3" skipped="0" tests="5" time="0.840" timestamp="2026-06-19T00:50:00.181835+00:00" hostname="agent-env-93727221-5c37-4d66-aca0-e52ae3d42a23"><testcase classname="backend.tests.test_wc2026tracker_vercel_endpoints" name="test_root_api_wrapper_files_exist" time="0.000" /><testcase classname="backend.tests.test_wc2026tracker_vercel_endpoints" name="test_root_api_wrappers_are_loadable" time="0.063" /><testcase classname="backend.tests.test_wc2026tracker_vercel_endpoints" name="test_health_returns_200_and_ok_true" time="0.353"><failure message="assert 404 == 200&#10; +  where 404 = &lt;Response [404]&gt;.status_code">backend/tests/test_wc2026tracker_vercel_endpoints.py:61: in test_health_returns_200_and_ok_true
    assert response.status_code == 200
E   assert 404 == 200
E    +  where 404 = &lt;Response [404]&gt;.status_code</failure></testcase><testcase classname="backend.tests.test_wc2026tracker_vercel_endpoints" name="test_stats_usage_returns_usage_payload" time="0.097"><failure message="assert 404 == 200&#10; +  where 404 = &lt;Response [404]&gt;.status_code">backend/tests/test_wc2026tracker_vercel_endpoints.py:71: in test_stats_usage_returns_usage_payload
    assert response.status_code == 200
E   assert 404 == 200
E    +  where 404 = &lt;Response [404]&gt;.status_code</failure></testcase><testcase classname="backend.tests.test_wc2026tracker_vercel_endpoints" name="test_results_post_then_get_persists_data" time="0.078"><failure message="assert 404 == 200&#10; +  where 404 = &lt;Response [404]&gt;.status_code">backend/tests/test_wc2026tracker_vercel_endpoints.py:83: in test_results_post_then_get_persists_data
    assert get_before.status_code == 200
E   assert 404 == 200
E    +  where 404 = &lt;Response [404]&gt;.status_code</failure></testcase></testsuite></testsuites>