<?xml version="1.0" encoding="utf-8"?><testsuites name="pytest tests"><testsuite name="pytest" errors="0" failures="0" skipped="0" tests="5" time="0.149" timestamp="2026-06-19T04:22:12.586834+00:00" hostname="agent-env-93727221-5c37-4d66-aca0-e52ae3d42a23"><testcase classname="backend.tests.test_local_feature_routes_and_scorer_details" name="test_app_routes_include_player_id_and_scorer_goal_details_paths" time="0.000" /><testcase classname="backend.tests.test_local_feature_routes_and_scorer_details" name="test_top_scorers_goals_value_is_link_to_details_page" time="0.000" /><testcase classname="backend.tests.test_local_feature_routes_and_scorer_details" name="test_live_match_panel_player_id_normalization_and_link_fallback_contract" time="0.000" /><testcase classname="backend.tests.test_local_feature_routes_and_scorer_details" name="test_local_stats_handler_scorer_details_contract_with_mocked_fetch" time="0.064" /><testcase classname="backend.tests.test_local_feature_routes_and_scorer_details" name="test_local_stats_handler_scorer_details_rejects_missing_params" time="0.065" /></testsuite></testsuites>